<?xml version="1.0" encoding="UTF-8"?>
<Site BuildName="(empty)"
	BuildStamp="20251103-1820-Experimental"
	Name="(empty)"
	Generator="ctest-4.0.20250601-g14ba99b-dirty"
	CompilerName=""
	CompilerVersion=""
	OSName="Linux"
	Hostname="DESKTOP-IOGDMCQ"
	OSRelease="6.6.87.1-microsoft-standard-WSL2"
	OSVersion="#1 SMP PREEMPT_DYNAMIC Mon Apr 21 17:08:54 UTC 2025"
	OSPlatform="x86_64"
	Is64Bits="1"
	VendorString="GenuineIntel"
	VendorID="Intel Corporation"
	FamilyID="6"
	ModelID="170"
	ModelName="Intel(R) Core(TM) Ultra 9 185H"
	ProcessorCacheSize="24576"
	NumberOfLogicalCPU="22"
	NumberOfPhysicalCPU="11"
	TotalVirtualMemory="4096"
	TotalPhysicalMemory="15746"
	LogicalProcessorsPerPhysical="2"
	ProcessorClockFrequency="3072"
	>
	<DynamicAnalysis Checker="Valgrind">
		<StartDateTime>Nov 03 13:20 EST</StartDateTime>
		<StartTestTime>1762194030</StartTestTime>
		<TestList>
			<Test>./tests/test_cgamelibs</Test>
		</TestList>
		<DefectList/>
		<EndDateTime>Nov 03 13:20 EST</EndDateTime>
		<EndTestTime>1762194031</EndTestTime>
		<ElapsedMinutes>0</ElapsedMinutes>
	</DynamicAnalysis>
</Site>
