<?xml version="1.0" encoding="UTF-8"?>
<Site BuildName="(empty)"
	BuildStamp="20251103-1821-Experimental"
	Name="(empty)"
	Generator="ctest-4.0.20250601-g14ba99b-dirty"
	CompilerName=""
	CompilerVersion=""
	OSName="Linux"
	Hostname="DESKTOP-IOGDMCQ"
	OSRelease="6.6.87.1-microsoft-standard-WSL2"
	OSVersion="#1 SMP PREEMPT_DYNAMIC Mon Apr 21 17:08:54 UTC 2025"
	OSPlatform="x86_64"
	Is64Bits="1"
	VendorString="GenuineIntel"
	VendorID="Intel Corporation"
	FamilyID="6"
	ModelID="170"
	ModelName="Intel(R) Core(TM) Ultra 9 185H"
	ProcessorCacheSize="24576"
	NumberOfLogicalCPU="22"
	NumberOfPhysicalCPU="11"
	TotalVirtualMemory="4096"
	TotalPhysicalMemory="15746"
	LogicalProcessorsPerPhysical="2"
	ProcessorClockFrequency="3072"
	>
	<Build>
		<StartDateTime>Nov 03 13:21 EST</StartDateTime>
		<StartBuildTime>1762194091</StartBuildTime>
		<BuildCommand>/usr/sbin/cmake --build . --config "Debug"</BuildCommand>
		<Log Encoding="base64" Compression="bin/gzip"/>
		<EndDateTime>Nov 03 13:21 EST</EndDateTime>
		<EndBuildTime>1762194091</EndBuildTime>
		<ElapsedMinutes>0</ElapsedMinutes>
	</Build>
</Site>
